# JRE version: Java(TM) SE Runtime Environment (12.0.2+10) (build 12.0.2+10)
# Java VM: Java HotSpot(TM) 64-Bit Server VM (12.0.2+10, mixed mode, sharing, tiered, compressed oops, g1 gc, windows-amd64)
Heap:
 garbage-first heap   total 89088K, used 29932K [0x0000000081a00000, 0x0000000100000000)
  region size 1024K, 3 young (3072K), 3 survivors (3072K)
 Metaspace       used 46880K, capacity 48133K, committed 48256K, reserved 1091584K
  class space    used 6215K, capacity 6694K, committed 6784K, reserved 1048576K
GC Heap History (10 events):
Event: 4.855 GC heap after
{Heap after GC invocations=11 (full 0):
 garbage-first heap   total 61440K, used 18555K [0x0000000081a00000, 0x0000000100000000)
  region size 1024K, 2 young (2048K), 2 survivors (2048K)
 Metaspace       used 28816K, capacity 29723K, committed 29824K, reserved 1075200K
  class space    used 3783K, capacity 4155K, committed 4224K, reserved 1048576K
}
Event: 5.382 GC heap before
{Heap before GC invocations=11 (full 0):
 garbage-first heap   total 61440K, used 39035K [0x0000000081a00000, 0x0000000100000000)
  region size 1024K, 23 young (23552K), 2 survivors (2048K)
 Metaspace       used 34561K, capacity 35610K, committed 35840K, reserved 1081344K
  class space    used 4472K, capacity 4864K, committed 4864K, reserved 1048576K
}
Event: 5.389 GC heap after
{Heap after GC invocations=12 (full 0):
 garbage-first heap   total 73728K, used 21670K [0x0000000081a00000, 0x0000000100000000)
  region size 1024K, 4 young (4096K), 4 survivors (4096K)
 Metaspace       used 34561K, capacity 35610K, committed 35840K, reserved 1081344K
  class space    used 4472K, capacity 4864K, committed 4864K, reserved 1048576K
}
Event: 6.108 GC heap before
{Heap before GC invocations=13 (full 0):
 garbage-first heap   total 73728K, used 50342K [0x0000000081a00000, 0x0000000100000000)
  region size 1024K, 33 young (33792K), 4 survivors (4096K)
 Metaspace       used 38692K, capacity 39815K, committed 39936K, reserved 1083392K
  class space    used 5206K, capacity 5620K, committed 5632K, reserved 1048576K
}
Event: 6.116 GC heap after
{Heap after GC invocations=14 (full 0):
 garbage-first heap   total 73728K, used 25850K [0x0000000081a00000, 0x0000000100000000)
  region size 1024K, 4 young (4096K), 4 survivors (4096K)
 Metaspace       used 38692K, capacity 39815K, committed 39936K, reserved 1083392K
  class space    used 5206K, capacity 5620K, committed 5632K, reserved 1048576K
}
Event: 6.663 GC heap before
{Heap before GC invocations=14 (full 0):
 garbage-first heap   total 73728K, used 53498K [0x0000000081a00000, 0x0000000100000000)
  region size 1024K, 31 young (31744K), 4 survivors (4096K)
 Metaspace       used 42697K, capacity 43839K, committed 44032K, reserved 1087488K
  class space    used 5679K, capacity 6086K, committed 6144K, reserved 1048576K
}
Event: 6.668 GC heap after
{Heap after GC invocations=15 (full 0):
 garbage-first heap   total 73728K, used 27360K [0x0000000081a00000, 0x0000000100000000)
  region size 1024K, 2 young (2048K), 2 survivors (2048K)
 Metaspace       used 42697K, capacity 43839K, committed 44032K, reserved 1087488K
  class space    used 5679K, capacity 6086K, committed 6144K, reserved 1048576K
}
Event: 6.949 GC heap before
{Heap before GC invocations=15 (full 0):
 garbage-first heap   total 73728K, used 53984K [0x0000000081a00000, 0x0000000100000000)
  region size 1024K, 28 young (28672K), 2 survivors (2048K)
 Metaspace       used 44337K, capacity 45501K, committed 45824K, reserved 1089536K
  class space    used 5887K, capacity 6325K, committed 6400K, reserved 1048576K
}
Event: 6.955 GC heap after
{Heap after GC invocations=16 (full 0):
 garbage-first heap   total 73728K, used 28728K [0x0000000081a00000, 0x0000000100000000)
  region size 1024K, 3 young (3072K), 3 survivors (3072K)
 Metaspace       used 44337K, capacity 45501K, committed 45824K, reserved 1089536K
  class space    used 5887K, capacity 6325K, committed 6400K, reserved 1048576K
}
Event: 7.462 GC heap before
{Heap before GC invocations=16 (full 0):
 garbage-first heap   total 73728K, used 54328K [0x0000000081a00000, 0x0000000100000000)
  region size 1024K, 29 young (29696K), 3 survivors (3072K)
 Metaspace       used 46880K, capacity 48133K, committed 48256K, reserved 1091584K
  class space    used 6215K, capacity 6694K, committed 6784K, reserved 1048576K
}

